[2020-04-24 17:44:32] main.ERROR: Error: Application is not installed yet.  [] []
[2020-04-24 17:46:30] main.INFO: Consumer "async.operations.all" skipped as required connection "amqp" is not configured. Unknown connection name amqp [] []
[2020-04-24 17:47:06] main.INFO: Consumer "async.operations.all" skipped as required connection "amqp" is not configured. Unknown connection name amqp [] []
[2020-04-24 17:48:06] main.INFO: Consumer "async.operations.all" skipped as required connection "amqp" is not configured. Unknown connection name amqp [] []
[2020-04-24 17:49:05] main.INFO: Consumer "async.operations.all" skipped as required connection "amqp" is not configured. Unknown connection name amqp [] []
[2020-04-24 17:50:07] main.INFO: Consumer "async.operations.all" skipped as required connection "amqp" is not configured. Unknown connection name amqp [] []
[2020-04-24 17:51:06] main.INFO: Consumer "async.operations.all" skipped as required connection "amqp" is not configured. Unknown connection name amqp [] []
[2020-04-24 17:52:08] main.INFO: Consumer "async.operations.all" skipped as required connection "amqp" is not configured. Unknown connection name amqp [] []
[2020-04-24 17:53:09] main.INFO: Consumer "async.operations.all" skipped as required connection "amqp" is not configured. Unknown connection name amqp [] []
[2020-04-24 17:54:07] main.INFO: Consumer "async.operations.all" skipped as required connection "amqp" is not configured. Unknown connection name amqp [] []
[2020-04-24 17:55:07] main.INFO: Consumer "async.operations.all" skipped as required connection "amqp" is not configured. Unknown connection name amqp [] []
[2020-04-24 17:56:14] main.INFO: Consumer "async.operations.all" skipped as required connection "amqp" is not configured. Unknown connection name amqp [] []
[2020-04-24 17:56:25] main.ERROR: Please specify order items. [] []
[2020-04-24 17:56:25] main.ERROR: Sample Data error: Validation is failed. [] []
[2020-04-24 17:58:54] main.INFO: Consumer "async.operations.all" skipped as required connection "amqp" is not configured. Unknown connection name amqp [] []
[2020-04-24 17:59:05] main.INFO: Consumer "async.operations.all" skipped as required connection "amqp" is not configured. Unknown connection name amqp [] []
[2020-04-24 17:59:14] main.INFO: Consumer "async.operations.all" skipped as required connection "amqp" is not configured. Unknown connection name amqp [] []
[2020-04-24 18:00:34] main.INFO: Consumer "async.operations.all" skipped as required connection "amqp" is not configured. Unknown connection name amqp [] []
[2020-04-24 18:00:37] main.WARNING: Subscription for MBI service has been failed. An error occurred during token exchange: {"message":"{:path [:url], :pred com.rjmetrics.ma-etl-service.routes.subscription/url?, :val \"0\", :via [:com.rjmetrics.ma-etl-service.routes.subscription/new-subscription-body :com.rjmetrics.ma-etl-service.routes.subscription/url], :in [:url]}"}. Content-Type: text/plain;charset=UTF-8 [] []
[2020-04-24 18:01:14] main.INFO: Consumer "async.operations.all" skipped as required connection "amqp" is not configured. Unknown connection name amqp [] []
[2020-04-24 18:02:32] main.INFO: Consumer "async.operations.all" skipped as required connection "amqp" is not configured. Unknown connection name amqp [] []
[2020-04-24 18:03:29] main.INFO: Consumer "async.operations.all" skipped as required connection "amqp" is not configured. Unknown connection name amqp [] []
[2020-04-24 18:04:09] main.INFO: Consumer "async.operations.all" skipped as required connection "amqp" is not configured. Unknown connection name amqp [] []
[2020-04-24 18:05:10] main.INFO: Consumer "async.operations.all" skipped as required connection "amqp" is not configured. Unknown connection name amqp [] []
[2020-04-24 18:06:10] main.INFO: Consumer "async.operations.all" skipped as required connection "amqp" is not configured. Unknown connection name amqp [] []
[2020-04-24 18:07:10] main.INFO: Consumer "async.operations.all" skipped as required connection "amqp" is not configured. Unknown connection name amqp [] []
[2020-04-24 18:08:12] main.INFO: Consumer "async.operations.all" skipped as required connection "amqp" is not configured. Unknown connection name amqp [] []
[2020-04-24 18:09:12] main.INFO: Consumer "async.operations.all" skipped as required connection "amqp" is not configured. Unknown connection name amqp [] []
[2020-04-24 18:10:09] main.INFO: Consumer "async.operations.all" skipped as required connection "amqp" is not configured. Unknown connection name amqp [] []
[2020-04-24 18:17:13] main.INFO: Consumer "async.operations.all" skipped as required connection "amqp" is not configured. Unknown connection name amqp [] []
[2020-04-24 18:18:08] main.INFO: Consumer "async.operations.all" skipped as required connection "amqp" is not configured. Unknown connection name amqp [] []
[2020-04-24 18:19:06] main.INFO: Consumer "async.operations.all" skipped as required connection "amqp" is not configured. Unknown connection name amqp [] []
[2020-04-24 18:20:10] main.INFO: Consumer "async.operations.all" skipped as required connection "amqp" is not configured. Unknown connection name amqp [] []
[2020-04-24 18:21:06] main.INFO: Consumer "async.operations.all" skipped as required connection "amqp" is not configured. Unknown connection name amqp [] []
[2020-04-24 18:22:08] main.INFO: Consumer "async.operations.all" skipped as required connection "amqp" is not configured. Unknown connection name amqp [] []
[2020-04-24 18:23:07] main.INFO: Consumer "async.operations.all" skipped as required connection "amqp" is not configured. Unknown connection name amqp [] []
[2020-04-24 18:24:10] main.INFO: Consumer "async.operations.all" skipped as required connection "amqp" is not configured. Unknown connection name amqp [] []
[2020-04-24 18:25:15] main.INFO: Consumer "async.operations.all" skipped as required connection "amqp" is not configured. Unknown connection name amqp [] []
[2020-04-24 18:26:09] main.INFO: Consumer "async.operations.all" skipped as required connection "amqp" is not configured. Unknown connection name amqp [] []
